2018-07-30 14:53:14,000 - Log4JLogChute initialized using file '..\REPORTS\Run 2018-07-30 14-53-11\velocity.log'
2018-07-30 14:53:14,000 - Initializing Velocity, Calling init()...
2018-07-30 14:53:14,000 - Starting Apache Velocity v1.7 (compiled: 2010-11-19 12:14:37)
2018-07-30 14:53:14,000 - Default Properties File: org\apache\velocity\runtime\defaults\velocity.properties
2018-07-30 14:53:14,000 - Trying to use logger class org.apache.velocity.runtime.log.AvalonLogChute
2018-07-30 14:53:14,016 - Target log system for org.apache.velocity.runtime.log.AvalonLogChute is not available (java.lang.NoClassDefFoundError: org/apache/log/format/Formatter).  Falling back to next log system...
2018-07-30 14:53:14,016 - Trying to use logger class org.apache.velocity.runtime.log.Log4JLogChute
2018-07-30 14:53:14,016 - Using logger class org.apache.velocity.runtime.log.Log4JLogChute
2018-07-30 14:53:14,016 - ResourceLoader instantiated: org.apache.velocity.runtime.resource.loader.ClasspathResourceLoader
2018-07-30 14:53:14,032 - ResourceCache: initialized (class org.apache.velocity.runtime.resource.ResourceCacheImpl) with class java.util.Collections$SynchronizedMap cache map.
2018-07-30 14:53:14,032 - Loaded System Directive: org.apache.velocity.runtime.directive.Stop
2018-07-30 14:53:14,032 - Loaded System Directive: org.apache.velocity.runtime.directive.Define
2018-07-30 14:53:14,032 - Loaded System Directive: org.apache.velocity.runtime.directive.Break
2018-07-30 14:53:14,047 - Loaded System Directive: org.apache.velocity.runtime.directive.Evaluate
2018-07-30 14:53:14,047 - Loaded System Directive: org.apache.velocity.runtime.directive.Literal
2018-07-30 14:53:14,047 - Loaded System Directive: org.apache.velocity.runtime.directive.Macro
2018-07-30 14:53:14,047 - Loaded System Directive: org.apache.velocity.runtime.directive.Parse
2018-07-30 14:53:14,047 - Loaded System Directive: org.apache.velocity.runtime.directive.Include
2018-07-30 14:53:14,047 - Loaded System Directive: org.apache.velocity.runtime.directive.Foreach
2018-07-30 14:53:14,094 - Created '20' parsers.
2018-07-30 14:53:14,110 - Velocimacro : "velocimacro.library" is not set.  Trying default library: VM_global_library.vm
2018-07-30 14:53:14,110 - Could not load resource 'VM_global_library.vm' from ResourceLoader org.apache.velocity.runtime.resource.loader.ClasspathResourceLoader: ClasspathResourceLoader Error: cannot find resource VM_global_library.vm
2018-07-30 14:53:14,110 - Velocimacro : Default library not found.
2018-07-30 14:53:14,110 - Velocimacro : allowInline = true : VMs can be defined inline in templates
2018-07-30 14:53:14,110 - Velocimacro : allowInlineToOverride = false : VMs defined inline may NOT replace previous VM definitions
2018-07-30 14:53:14,110 - Velocimacro : allowInlineLocal = false : VMs defined inline will be global in scope if allowed.
2018-07-30 14:53:14,110 - Velocimacro : autoload off : VM system will not automatically reload global library macros
2018-07-30 14:53:14,157 - ResourceManager : found templates/generators/errorpage.vm with loader org.apache.velocity.runtime.resource.loader.ClasspathResourceLoader
2018-07-30 14:53:14,172 - ResourceManager : found /templates/headers.vm with loader org.apache.velocity.runtime.resource.loader.ClasspathResourceLoader
2018-07-30 14:53:14,172 - ResourceManager : found /templates/head.vm with loader org.apache.velocity.runtime.resource.loader.ClasspathResourceLoader
2018-07-30 14:53:14,172 - Velocimacro : added VM stringArray: source=/templates/macros/array.js.vm
2018-07-30 14:53:14,172 - Velocimacro : added VM numberArray: source=/templates/macros/array.js.vm
2018-07-30 14:53:14,172 - ResourceManager : found /templates/macros/array.js.vm with loader org.apache.velocity.runtime.resource.loader.ClasspathResourceLoader
2018-07-30 14:53:14,172 - Velocimacro : added VM includeBuildInfo: source=/templates/macros/page/buildinfo.vm
2018-07-30 14:53:14,172 - ResourceManager : found /templates/macros/page/buildinfo.vm with loader org.apache.velocity.runtime.resource.loader.ClasspathResourceLoader
2018-07-30 14:53:14,188 - Velocimacro : added VM includeClassifications: source=/templates/macros/page/classifications.vm
2018-07-30 14:53:14,188 - ResourceManager : found /templates/macros/page/classifications.vm with loader org.apache.velocity.runtime.resource.loader.ClasspathResourceLoader
2018-07-30 14:53:14,188 - Velocimacro : added VM includeLead: source=/templates/macros/page/lead.vm
2018-07-30 14:53:14,188 - ResourceManager : found /templates/macros/page/lead.vm with loader org.apache.velocity.runtime.resource.loader.ClasspathResourceLoader
2018-07-30 14:53:14,192 - Velocimacro : added VM includeNavigation: source=/templates/macros/page/navigation.vm
2018-07-30 14:53:14,192 - ResourceManager : found /templates/macros/page/navigation.vm with loader org.apache.velocity.runtime.resource.loader.ClasspathResourceLoader
2018-07-30 14:53:14,196 - Velocimacro : added VM includeReportInfo: source=/templates/macros/page/reportInfo.vm
2018-07-30 14:53:14,196 - ResourceManager : found /templates/macros/page/reportInfo.vm with loader org.apache.velocity.runtime.resource.loader.ClasspathResourceLoader
2018-07-30 14:53:14,196 - Velocimacro : added VM includeTitle: source=/templates/macros/page/title.vm
2018-07-30 14:53:14,196 - ResourceManager : found /templates/macros/page/title.vm with loader org.apache.velocity.runtime.resource.loader.ClasspathResourceLoader
2018-07-30 14:53:14,196 - Velocimacro : added VM includeExpandingButtons: source=/templates/macros/report/expandAllButtons.vm
2018-07-30 14:53:14,196 - ResourceManager : found /templates/macros/report/expandAllButtons.vm with loader org.apache.velocity.runtime.resource.loader.ClasspathResourceLoader
2018-07-30 14:53:14,212 - Velocimacro : added VM includeReportTable: source=/templates/macros/report/reportTable.vm
2018-07-30 14:53:14,212 - ResourceManager : found /templates/macros/report/reportTable.vm with loader org.apache.velocity.runtime.resource.loader.ClasspathResourceLoader
2018-07-30 14:53:14,212 - Velocimacro : added VM includeReportHeader: source=/templates/macros/report/reportHeader.vm
2018-07-30 14:53:14,212 - ResourceManager : found /templates/macros/report/reportHeader.vm with loader org.apache.velocity.runtime.resource.loader.ClasspathResourceLoader
2018-07-30 14:53:14,228 - Velocimacro : added VM includeStatsTable: source=/templates/macros/report/statsTable.vm
2018-07-30 14:53:14,228 - ResourceManager : found /templates/macros/report/statsTable.vm with loader org.apache.velocity.runtime.resource.loader.ClasspathResourceLoader
2018-07-30 14:53:14,228 - Velocimacro : added VM includeBrief: source=/templates/macros/json/brief.vm
2018-07-30 14:53:14,228 - ResourceManager : found /templates/macros/json/brief.vm with loader org.apache.velocity.runtime.resource.loader.ClasspathResourceLoader
2018-07-30 14:53:14,228 - Velocimacro : added VM includeDocString: source=/templates/macros/json/docstring.vm
2018-07-30 14:53:14,228 - ResourceManager : found /templates/macros/json/docstring.vm with loader org.apache.velocity.runtime.resource.loader.ClasspathResourceLoader
2018-07-30 14:53:14,228 - Velocimacro : added VM includeDuration: source=/templates/macros/json/duration.vm
2018-07-30 14:53:14,228 - ResourceManager : found /templates/macros/json/duration.vm with loader org.apache.velocity.runtime.resource.loader.ClasspathResourceLoader
2018-07-30 14:53:14,228 - Velocimacro : added VM includeElement: source=/templates/macros/json/element.vm
2018-07-30 14:53:14,228 - ResourceManager : found /templates/macros/json/element.vm with loader org.apache.velocity.runtime.resource.loader.ClasspathResourceLoader
2018-07-30 14:53:14,243 - Velocimacro : added VM includeEmbeddings: source=/templates/macros/json/embeddings.vm
2018-07-30 14:53:14,243 - Velocimacro : added VM includeImageEmbedding: source=/templates/macros/json/embeddings.vm
2018-07-30 14:53:14,243 - Velocimacro : added VM includeImageReferenceEmbedding: source=/templates/macros/json/embeddings.vm
2018-07-30 14:53:14,243 - Velocimacro : added VM includeTextEmbedding: source=/templates/macros/json/embeddings.vm
2018-07-30 14:53:14,243 - Velocimacro : added VM includeUnknownEmbedding: source=/templates/macros/json/embeddings.vm
2018-07-30 14:53:14,243 - ResourceManager : found /templates/macros/json/embeddings.vm with loader org.apache.velocity.runtime.resource.loader.ClasspathResourceLoader
2018-07-30 14:53:14,243 - Velocimacro : added VM includeHooks: source=/templates/macros/json/hooks.vm
2018-07-30 14:53:14,243 - ResourceManager : found /templates/macros/json/hooks.vm with loader org.apache.velocity.runtime.resource.loader.ClasspathResourceLoader
2018-07-30 14:53:14,259 - Velocimacro : added VM includeOutput: source=/templates/macros/json/output.vm
2018-07-30 14:53:14,259 - ResourceManager : found /templates/macros/json/output.vm with loader org.apache.velocity.runtime.resource.loader.ClasspathResourceLoader
2018-07-30 14:53:14,259 - Velocimacro : added VM includeMessage: source=/templates/macros/json/message.vm
2018-07-30 14:53:14,259 - ResourceManager : found /templates/macros/json/message.vm with loader org.apache.velocity.runtime.resource.loader.ClasspathResourceLoader
2018-07-30 14:53:14,259 - Velocimacro : added VM includeSteps: source=/templates/macros/json/steps.vm
2018-07-30 14:53:14,259 - ResourceManager : found /templates/macros/json/steps.vm with loader org.apache.velocity.runtime.resource.loader.ClasspathResourceLoader
2018-07-30 14:53:14,259 - Velocimacro : added VM includeTags: source=/templates/macros/json/tags.vm
2018-07-30 14:53:14,259 - ResourceManager : found /templates/macros/json/tags.vm with loader org.apache.velocity.runtime.resource.loader.ClasspathResourceLoader
2018-07-30 14:53:14,274 - VM #includeNavigation: too few arguments to macro. Wanted 1 got 0
2018-07-30 14:53:14,274 - Left side ($active_tab) of '==' operation has null value. If it is a reference, it may not be in the context or its toString() returned null. /templates/macros/page/navigation.vm[line 14, column 51]
2018-07-30 14:53:14,274 - Left side ($active_tab) of '==' operation has null value. If it is a reference, it may not be in the context or its toString() returned null. /templates/macros/page/navigation.vm[line 15, column 51]
2018-07-30 14:53:14,274 - Left side ($active_tab) of '==' operation has null value. If it is a reference, it may not be in the context or its toString() returned null. /templates/macros/page/navigation.vm[line 16, column 51]
2018-07-30 14:53:14,274 - Left side ($active_tab) of '==' operation has null value. If it is a reference, it may not be in the context or its toString() returned null. /templates/macros/page/navigation.vm[line 20, column 51]
2018-07-30 14:53:14,274 - Null reference [template 'templates/generators/errorpage.vm', line 20, column 85] : $build_number cannot be resolved.
2018-07-30 14:53:14,274 - Null reference [template 'templates/generators/errorpage.vm', line 20, column 85] : $build_number cannot be resolved.
2018-07-30 14:53:14,290 - ResourceManager : found /templates/footer.vm with loader org.apache.velocity.runtime.resource.loader.ClasspathResourceLoader
