2018-09-11 11:24:07,620 - Log4JLogChute initialized using file 'null\execution\velocity.log'
2018-09-11 11:24:07,620 - Initializing Velocity, Calling init()...
2018-09-11 11:24:07,621 - Starting Apache Velocity v1.7 (compiled: 2010-11-19 12:14:37)
2018-09-11 11:24:07,621 - Default Properties File: org\apache\velocity\runtime\defaults\velocity.properties
2018-09-11 11:24:07,621 - Trying to use logger class org.apache.velocity.runtime.log.AvalonLogChute
2018-09-11 11:24:07,621 - Target log system for org.apache.velocity.runtime.log.AvalonLogChute is not available (java.lang.NoClassDefFoundError: org/apache/log/format/Formatter).  Falling back to next log system...
2018-09-11 11:24:07,621 - Trying to use logger class org.apache.velocity.runtime.log.Log4JLogChute
2018-09-11 11:24:07,621 - Using logger class org.apache.velocity.runtime.log.Log4JLogChute
2018-09-11 11:24:07,624 - ResourceLoader instantiated: org.apache.velocity.runtime.resource.loader.ClasspathResourceLoader
2018-09-11 11:24:07,643 - ResourceCache: initialized (class org.apache.velocity.runtime.resource.ResourceCacheImpl) with class java.util.Collections$SynchronizedMap cache map.
2018-09-11 11:24:07,645 - Loaded System Directive: org.apache.velocity.runtime.directive.Stop
2018-09-11 11:24:07,647 - Loaded System Directive: org.apache.velocity.runtime.directive.Define
2018-09-11 11:24:07,647 - Loaded System Directive: org.apache.velocity.runtime.directive.Break
2018-09-11 11:24:07,648 - Loaded System Directive: org.apache.velocity.runtime.directive.Evaluate
2018-09-11 11:24:07,649 - Loaded System Directive: org.apache.velocity.runtime.directive.Literal
2018-09-11 11:24:07,650 - Loaded System Directive: org.apache.velocity.runtime.directive.Macro
2018-09-11 11:24:07,652 - Loaded System Directive: org.apache.velocity.runtime.directive.Parse
2018-09-11 11:24:07,653 - Loaded System Directive: org.apache.velocity.runtime.directive.Include
2018-09-11 11:24:07,654 - Loaded System Directive: org.apache.velocity.runtime.directive.Foreach
2018-09-11 11:24:07,683 - Created '20' parsers.
2018-09-11 11:24:07,687 - Velocimacro : "velocimacro.library" is not set.  Trying default library: VM_global_library.vm
2018-09-11 11:24:07,688 - Could not load resource 'VM_global_library.vm' from ResourceLoader org.apache.velocity.runtime.resource.loader.ClasspathResourceLoader: ClasspathResourceLoader Error: cannot find resource VM_global_library.vm
2018-09-11 11:24:07,688 - Velocimacro : Default library not found.
2018-09-11 11:24:07,688 - Velocimacro : allowInline = true : VMs can be defined inline in templates
2018-09-11 11:24:07,688 - Velocimacro : allowInlineToOverride = false : VMs defined inline may NOT replace previous VM definitions
2018-09-11 11:24:07,688 - Velocimacro : allowInlineLocal = false : VMs defined inline will be global in scope if allowed.
2018-09-11 11:24:07,688 - Velocimacro : autoload off : VM system will not automatically reload global library macros
2018-09-11 11:24:07,736 - ResourceManager : found templates/generators/errorpage.vm with loader org.apache.velocity.runtime.resource.loader.ClasspathResourceLoader
2018-09-11 11:24:07,746 - ResourceManager : found /templates/headers.vm with loader org.apache.velocity.runtime.resource.loader.ClasspathResourceLoader
2018-09-11 11:24:07,747 - ResourceManager : found /templates/head.vm with loader org.apache.velocity.runtime.resource.loader.ClasspathResourceLoader
2018-09-11 11:24:07,750 - Velocimacro : added VM stringArray: source=/templates/macros/array.js.vm
2018-09-11 11:24:07,750 - Velocimacro : added VM numberArray: source=/templates/macros/array.js.vm
2018-09-11 11:24:07,750 - ResourceManager : found /templates/macros/array.js.vm with loader org.apache.velocity.runtime.resource.loader.ClasspathResourceLoader
2018-09-11 11:24:07,752 - Velocimacro : added VM includeBuildInfo: source=/templates/macros/page/buildinfo.vm
2018-09-11 11:24:07,752 - ResourceManager : found /templates/macros/page/buildinfo.vm with loader org.apache.velocity.runtime.resource.loader.ClasspathResourceLoader
2018-09-11 11:24:07,756 - Velocimacro : added VM includeClassifications: source=/templates/macros/page/classifications.vm
2018-09-11 11:24:07,756 - ResourceManager : found /templates/macros/page/classifications.vm with loader org.apache.velocity.runtime.resource.loader.ClasspathResourceLoader
2018-09-11 11:24:07,758 - Velocimacro : added VM includeLead: source=/templates/macros/page/lead.vm
2018-09-11 11:24:07,758 - ResourceManager : found /templates/macros/page/lead.vm with loader org.apache.velocity.runtime.resource.loader.ClasspathResourceLoader
2018-09-11 11:24:07,761 - Velocimacro : added VM includeNavigation: source=/templates/macros/page/navigation.vm
2018-09-11 11:24:07,762 - ResourceManager : found /templates/macros/page/navigation.vm with loader org.apache.velocity.runtime.resource.loader.ClasspathResourceLoader
2018-09-11 11:24:07,765 - Velocimacro : added VM includeReportInfo: source=/templates/macros/page/reportInfo.vm
2018-09-11 11:24:07,765 - ResourceManager : found /templates/macros/page/reportInfo.vm with loader org.apache.velocity.runtime.resource.loader.ClasspathResourceLoader
2018-09-11 11:24:07,768 - Velocimacro : added VM includeTitle: source=/templates/macros/page/title.vm
2018-09-11 11:24:07,768 - ResourceManager : found /templates/macros/page/title.vm with loader org.apache.velocity.runtime.resource.loader.ClasspathResourceLoader
2018-09-11 11:24:07,770 - Velocimacro : added VM includeExpandingButtons: source=/templates/macros/report/expandAllButtons.vm
2018-09-11 11:24:07,770 - ResourceManager : found /templates/macros/report/expandAllButtons.vm with loader org.apache.velocity.runtime.resource.loader.ClasspathResourceLoader
2018-09-11 11:24:07,776 - Velocimacro : added VM includeReportTable: source=/templates/macros/report/reportTable.vm
2018-09-11 11:24:07,776 - ResourceManager : found /templates/macros/report/reportTable.vm with loader org.apache.velocity.runtime.resource.loader.ClasspathResourceLoader
2018-09-11 11:24:07,777 - Velocimacro : added VM includeReportHeader: source=/templates/macros/report/reportHeader.vm
2018-09-11 11:24:07,778 - ResourceManager : found /templates/macros/report/reportHeader.vm with loader org.apache.velocity.runtime.resource.loader.ClasspathResourceLoader
2018-09-11 11:24:07,784 - Velocimacro : added VM includeStatsTable: source=/templates/macros/report/statsTable.vm
2018-09-11 11:24:07,784 - ResourceManager : found /templates/macros/report/statsTable.vm with loader org.apache.velocity.runtime.resource.loader.ClasspathResourceLoader
2018-09-11 11:24:07,785 - Velocimacro : added VM includeBrief: source=/templates/macros/json/brief.vm
2018-09-11 11:24:07,785 - ResourceManager : found /templates/macros/json/brief.vm with loader org.apache.velocity.runtime.resource.loader.ClasspathResourceLoader
2018-09-11 11:24:07,787 - Velocimacro : added VM includeDocString: source=/templates/macros/json/docstring.vm
2018-09-11 11:24:07,787 - ResourceManager : found /templates/macros/json/docstring.vm with loader org.apache.velocity.runtime.resource.loader.ClasspathResourceLoader
2018-09-11 11:24:07,788 - Velocimacro : added VM includeDuration: source=/templates/macros/json/duration.vm
2018-09-11 11:24:07,788 - ResourceManager : found /templates/macros/json/duration.vm with loader org.apache.velocity.runtime.resource.loader.ClasspathResourceLoader
2018-09-11 11:24:07,791 - Velocimacro : added VM includeElement: source=/templates/macros/json/element.vm
2018-09-11 11:24:07,791 - ResourceManager : found /templates/macros/json/element.vm with loader org.apache.velocity.runtime.resource.loader.ClasspathResourceLoader
2018-09-11 11:24:07,799 - Velocimacro : added VM includeEmbeddings: source=/templates/macros/json/embeddings.vm
2018-09-11 11:24:07,799 - Velocimacro : added VM includeImageEmbedding: source=/templates/macros/json/embeddings.vm
2018-09-11 11:24:07,800 - Velocimacro : added VM includeImageReferenceEmbedding: source=/templates/macros/json/embeddings.vm
2018-09-11 11:24:07,800 - Velocimacro : added VM includeTextEmbedding: source=/templates/macros/json/embeddings.vm
2018-09-11 11:24:07,800 - Velocimacro : added VM includeUnknownEmbedding: source=/templates/macros/json/embeddings.vm
2018-09-11 11:24:07,800 - ResourceManager : found /templates/macros/json/embeddings.vm with loader org.apache.velocity.runtime.resource.loader.ClasspathResourceLoader
2018-09-11 11:24:07,802 - Velocimacro : added VM includeHooks: source=/templates/macros/json/hooks.vm
2018-09-11 11:24:07,802 - ResourceManager : found /templates/macros/json/hooks.vm with loader org.apache.velocity.runtime.resource.loader.ClasspathResourceLoader
2018-09-11 11:24:07,804 - Velocimacro : added VM includeOutput: source=/templates/macros/json/output.vm
2018-09-11 11:24:07,804 - ResourceManager : found /templates/macros/json/output.vm with loader org.apache.velocity.runtime.resource.loader.ClasspathResourceLoader
2018-09-11 11:24:07,805 - Velocimacro : added VM includeMessage: source=/templates/macros/json/message.vm
2018-09-11 11:24:07,805 - ResourceManager : found /templates/macros/json/message.vm with loader org.apache.velocity.runtime.resource.loader.ClasspathResourceLoader
2018-09-11 11:24:07,808 - Velocimacro : added VM includeSteps: source=/templates/macros/json/steps.vm
2018-09-11 11:24:07,808 - ResourceManager : found /templates/macros/json/steps.vm with loader org.apache.velocity.runtime.resource.loader.ClasspathResourceLoader
2018-09-11 11:24:07,810 - Velocimacro : added VM includeTags: source=/templates/macros/json/tags.vm
2018-09-11 11:24:07,810 - ResourceManager : found /templates/macros/json/tags.vm with loader org.apache.velocity.runtime.resource.loader.ClasspathResourceLoader
2018-09-11 11:24:07,825 - VM #includeNavigation: too few arguments to macro. Wanted 1 got 0
2018-09-11 11:24:07,825 - Left side ($active_tab) of '==' operation has null value. If it is a reference, it may not be in the context or its toString() returned null. /templates/macros/page/navigation.vm[line 14, column 51]
2018-09-11 11:24:07,826 - Left side ($active_tab) of '==' operation has null value. If it is a reference, it may not be in the context or its toString() returned null. /templates/macros/page/navigation.vm[line 15, column 51]
2018-09-11 11:24:07,826 - Left side ($active_tab) of '==' operation has null value. If it is a reference, it may not be in the context or its toString() returned null. /templates/macros/page/navigation.vm[line 16, column 51]
2018-09-11 11:24:07,826 - Left side ($active_tab) of '==' operation has null value. If it is a reference, it may not be in the context or its toString() returned null. /templates/macros/page/navigation.vm[line 20, column 51]
2018-09-11 11:24:07,826 - Null reference [template 'templates/generators/errorpage.vm', line 20, column 85] : $build_number cannot be resolved.
2018-09-11 11:24:07,826 - Null reference [template 'templates/generators/errorpage.vm', line 20, column 85] : $build_number cannot be resolved.
2018-09-11 11:24:07,828 - ResourceManager : found /templates/footer.vm with loader org.apache.velocity.runtime.resource.loader.ClasspathResourceLoader
